<?xml version="1.0" encoding="UTF-8"?>
<!-- Generated by org.testng.reporters.JUnitReportReporter -->
<testsuite hostname="WINAP185303-OTM" name="com.qa.test.SimpleTestClass" tests="4" failures="0" timestamp="31 Mar 2018 08:10:32 GMT" time="0.000" errors="0">
  <testcase name="div" time="0.000" classname="com.qa.test.SimpleTestClass"/>
  <testcase name="add" time="0.000" classname="com.qa.test.SimpleTestClass"/>
  <testcase name="sub" time="0.000" classname="com.qa.test.SimpleTestClass"/>
  <testcase name="mul" time="0.000" classname="com.qa.test.SimpleTestClass"/>
</testsuite> <!-- com.qa.test.SimpleTestClass -->
