<?xml version="1.0" encoding="UTF-8"?>
<!-- Generated by org.testng.reporters.JUnitReportReporter -->
<testsuite hostname="WINAP185303-OTM" name="com.qa.test.SimpleTest" tests="4" failures="0" timestamp="31 Mar 2018 08:26:35 GMT" time="0.012" errors="0">
  <testcase name="div" time="0.000" classname="com.qa.test.SimpleTest"/>
  <testcase name="add" time="0.012" classname="com.qa.test.SimpleTest"/>
  <testcase name="sub" time="0.000" classname="com.qa.test.SimpleTest"/>
  <testcase name="mul" time="0.000" classname="com.qa.test.SimpleTest"/>
</testsuite> <!-- com.qa.test.SimpleTest -->
